<?xml version="1.0" encoding="UTF-8"?>
<testng-results ignored="0" total="1" passed="1" failed="0" skipped="0">
  <reporter-output>
  </reporter-output>
  <suite started-at="2024-09-16T09:28:19 IST" name="Default suite" finished-at="2024-09-16T09:28:50 IST" duration-ms="30568">
    <groups>
    </groups>
    <test started-at="2024-09-16T09:28:19 IST" name="Default test" finished-at="2024-09-16T09:28:50 IST" duration-ms="30568">
      <class name="com.toolsqa.WebTable">
        <test-method is-config="true" signature="before()[pri:0, instance:com.toolsqa.WebTable@61df66b6]" started-at="2024-09-16T09:28:19 IST" name="before" finished-at="2024-09-16T09:28:47 IST" duration-ms="28170" status="PASS">
          <reporter-output>
          </reporter-output>
        </test-method> <!-- before -->
        <test-method signature="test()[pri:0, instance:com.toolsqa.WebTable@61df66b6]" started-at="2024-09-16T09:28:47 IST" name="test" finished-at="2024-09-16T09:28:50 IST" duration-ms="2337" status="PASS">
          <reporter-output>
          </reporter-output>
        </test-method> <!-- test -->
      </class> <!-- com.toolsqa.WebTable -->
    </test> <!-- Default test -->
  </suite> <!-- Default suite -->
</testng-results>
