<?xml version="1.0" encoding="UTF-8"?>
<testng-results ignored="0" total="1" passed="1" failed="0" skipped="0">
  <reporter-output>
  </reporter-output>
  <suite started-at="2024-10-16T11:36:51 IST" name="Default suite" finished-at="2024-10-16T11:37:42 IST" duration-ms="51135">
    <groups>
    </groups>
    <test started-at="2024-10-16T11:36:51 IST" name="Default test" finished-at="2024-10-16T11:37:42 IST" duration-ms="51135">
      <class name="com.toolsqa.Interactions">
        <test-method signature="sortable()[pri:0, instance:com.toolsqa.Interactions@6a28ffa4]" started-at="2024-10-16T11:36:51 IST" name="sortable" finished-at="2024-10-16T11:37:42 IST" duration-ms="51069" status="PASS">
          <reporter-output>
          </reporter-output>
        </test-method> <!-- sortable -->
      </class> <!-- com.toolsqa.Interactions -->
    </test> <!-- Default test -->
  </suite> <!-- Default suite -->
</testng-results>
